---------- Date: 2013-05-25 16:23:15 ~ IP : ::1 ----------
REQUEST URI : /weorder/
MOD DETAILS:
   modFile   : D:\Sources\weorder\vqmod/xml/news_pro.xml
   id        : News_Pro
   version   : 1.5.4.1
   vqmver    : 2.1.7
   author    : VinaEcom
SEARCH NOT FOUND (ABORTING MOD): <link rel="stylesheet" type="text/css" href="catalog/view/theme/default/stylesheet/stylesheet.css" />

----------------------------------------------------------------------


---------- Date: 2013-05-25 16:23:19 ~ IP : ::1 ----------
REQUEST URI : /weorder/index.php?route=news/news_category&amp;cat_id=1
MOD DETAILS:
   modFile   : D:\Sources\weorder\vqmod/xml/news_pro.xml
   id        : News_Pro
   version   : 1.5.4.1
   vqmver    : 2.1.7
   author    : VinaEcom
SEARCH NOT FOUND (ABORTING MOD): <link rel="stylesheet" type="text/css" href="catalog/view/theme/default/stylesheet/stylesheet.css" />

----------------------------------------------------------------------


---------- Date: 2013-05-25 16:23:21 ~ IP : ::1 ----------
REQUEST URI : /weorder/index.php?route=news/news_category&amp;cat_id=2
MOD DETAILS:
   modFile   : D:\Sources\weorder\vqmod/xml/news_pro.xml
   id        : News_Pro
   version   : 1.5.4.1
   vqmver    : 2.1.7
   author    : VinaEcom
SEARCH NOT FOUND (ABORTING MOD): <link rel="stylesheet" type="text/css" href="catalog/view/theme/default/stylesheet/stylesheet.css" />

----------------------------------------------------------------------


---------- Date: 2013-05-25 16:23:25 ~ IP : ::1 ----------
REQUEST URI : /weorder/index.php?route=common/home
MOD DETAILS:
   modFile   : D:\Sources\weorder\vqmod/xml/news_pro.xml
   id        : News_Pro
   version   : 1.5.4.1
   vqmver    : 2.1.7
   author    : VinaEcom
SEARCH NOT FOUND (ABORTING MOD): <link rel="stylesheet" type="text/css" href="catalog/view/theme/default/stylesheet/stylesheet.css" />

----------------------------------------------------------------------


