---------- Date: 2013-05-26 02:58:56 ~ IP : ::1 ----------
REQUEST URI : /weorder/
MOD DETAILS:
   modFile   : D:\Sources\weorder\vqmod/xml/news_pro.xml
   id        : News_Pro
   version   : 1.5.4.1
   vqmver    : 2.1.7
   author    : VinaEcom
SEARCH NOT FOUND (ABORTING MOD): <link rel="stylesheet" type="text/css" href="catalog/view/theme/default/stylesheet/stylesheet.css" />

----------------------------------------------------------------------


---------- Date: 2013-05-26 02:59:05 ~ IP : ::1 ----------
REQUEST URI : /weorder/index.php?route=news/news_category&amp;cat_id=1
MOD DETAILS:
   modFile   : D:\Sources\weorder\vqmod/xml/news_pro.xml
   id        : News_Pro
   version   : 1.5.4.1
   vqmver    : 2.1.7
   author    : VinaEcom
SEARCH NOT FOUND (ABORTING MOD): <link rel="stylesheet" type="text/css" href="catalog/view/theme/default/stylesheet/stylesheet.css" />

----------------------------------------------------------------------


---------- Date: 2013-05-26 03:03:28 ~ IP : ::1 ----------
REQUEST URI : /weorder/index.php?route=product/category&amp;path=33
MOD DETAILS:
   modFile   : D:\Sources\weorder\vqmod/xml/news_pro.xml
   id        : News_Pro
   version   : 1.5.4.1
   vqmver    : 2.1.7
   author    : VinaEcom
SEARCH NOT FOUND (ABORTING MOD): <link rel="stylesheet" type="text/css" href="catalog/view/theme/default/stylesheet/stylesheet.css" />

----------------------------------------------------------------------


---------- Date: 2013-05-26 03:04:50 ~ IP : ::1 ----------
REQUEST URI : /weorder/index.php?route=product/category&amp;path=33
MOD DETAILS:
   modFile   : D:\Sources\weorder\vqmod/xml/news_pro.xml
   id        : News_Pro
   version   : 1.5.4.1
   vqmver    : 2.1.7
   author    : VinaEcom
SEARCH NOT FOUND (ABORTING MOD): <link rel="stylesheet" type="text/css" href="catalog/view/theme/default/stylesheet/stylesheet.css" />

----------------------------------------------------------------------


---------- Date: 2013-05-26 03:05:03 ~ IP : ::1 ----------
REQUEST URI : /weorder/index.php?route=product/category&amp;path=33_61
MOD DETAILS:
   modFile   : D:\Sources\weorder\vqmod/xml/news_pro.xml
   id        : News_Pro
   version   : 1.5.4.1
   vqmver    : 2.1.7
   author    : VinaEcom
SEARCH NOT FOUND (ABORTING MOD): <link rel="stylesheet" type="text/css" href="catalog/view/theme/default/stylesheet/stylesheet.css" />

----------------------------------------------------------------------


---------- Date: 2013-05-26 03:05:12 ~ IP : ::1 ----------
REQUEST URI : /weorder/index.php?route=product/category&amp;path=33_61
MOD DETAILS:
   modFile   : D:\Sources\weorder\vqmod/xml/news_pro.xml
   id        : News_Pro
   version   : 1.5.4.1
   vqmver    : 2.1.7
   author    : VinaEcom
SEARCH NOT FOUND (ABORTING MOD): <link rel="stylesheet" type="text/css" href="catalog/view/theme/default/stylesheet/stylesheet.css" />

----------------------------------------------------------------------


---------- Date: 2013-05-26 03:05:16 ~ IP : ::1 ----------
REQUEST URI : /weorder/index.php?route=product/category&amp;path=33_61
MOD DETAILS:
   modFile   : D:\Sources\weorder\vqmod/xml/news_pro.xml
   id        : News_Pro
   version   : 1.5.4.1
   vqmver    : 2.1.7
   author    : VinaEcom
SEARCH NOT FOUND (ABORTING MOD): <link rel="stylesheet" type="text/css" href="catalog/view/theme/default/stylesheet/stylesheet.css" />

----------------------------------------------------------------------


---------- Date: 2013-05-26 03:05:18 ~ IP : ::1 ----------
REQUEST URI : /weorder/index.php?route=product/category&amp;path=33_62
MOD DETAILS:
   modFile   : D:\Sources\weorder\vqmod/xml/news_pro.xml
   id        : News_Pro
   version   : 1.5.4.1
   vqmver    : 2.1.7
   author    : VinaEcom
SEARCH NOT FOUND (ABORTING MOD): <link rel="stylesheet" type="text/css" href="catalog/view/theme/default/stylesheet/stylesheet.css" />

----------------------------------------------------------------------


---------- Date: 2013-05-26 03:05:22 ~ IP : ::1 ----------
REQUEST URI : /weorder/index.php?route=product/category&amp;path=33
MOD DETAILS:
   modFile   : D:\Sources\weorder\vqmod/xml/news_pro.xml
   id        : News_Pro
   version   : 1.5.4.1
   vqmver    : 2.1.7
   author    : VinaEcom
SEARCH NOT FOUND (ABORTING MOD): <link rel="stylesheet" type="text/css" href="catalog/view/theme/default/stylesheet/stylesheet.css" />

----------------------------------------------------------------------


---------- Date: 2013-05-26 03:06:43 ~ IP : ::1 ----------
REQUEST URI : /weorder/index.php?route=product/category&amp;path=33
MOD DETAILS:
   modFile   : D:\Sources\weorder\vqmod/xml/news_pro.xml
   id        : News_Pro
   version   : 1.5.4.1
   vqmver    : 2.1.7
   author    : VinaEcom
SEARCH NOT FOUND (ABORTING MOD): <link rel="stylesheet" type="text/css" href="catalog/view/theme/default/stylesheet/stylesheet.css" />

----------------------------------------------------------------------


---------- Date: 2013-05-26 03:07:02 ~ IP : ::1 ----------
REQUEST URI : /weorder/index.php?route=product/category&amp;path=33&amp;sort=pd.name&amp;order=ASC
MOD DETAILS:
   modFile   : D:\Sources\weorder\vqmod/xml/news_pro.xml
   id        : News_Pro
   version   : 1.5.4.1
   vqmver    : 2.1.7
   author    : VinaEcom
SEARCH NOT FOUND (ABORTING MOD): <link rel="stylesheet" type="text/css" href="catalog/view/theme/default/stylesheet/stylesheet.css" />

----------------------------------------------------------------------


---------- Date: 2013-05-26 03:14:45 ~ IP : ::1 ----------
REQUEST URI : /weorder/index.php?route=product/category&amp;path=33&amp;sort=pd.name&amp;order=ASC
MOD DETAILS:
   modFile   : D:\Sources\weorder\vqmod/xml/news_pro.xml
   id        : News_Pro
   version   : 1.5.4.1
   vqmver    : 2.1.7
   author    : VinaEcom
SEARCH NOT FOUND (ABORTING MOD): <link rel="stylesheet" type="text/css" href="catalog/view/theme/default/stylesheet/stylesheet.css" />

----------------------------------------------------------------------


---------- Date: 2013-05-26 03:14:51 ~ IP : ::1 ----------
REQUEST URI : /weorder/index.php?route=product/category&amp;path=33_61
MOD DETAILS:
   modFile   : D:\Sources\weorder\vqmod/xml/news_pro.xml
   id        : News_Pro
   version   : 1.5.4.1
   vqmver    : 2.1.7
   author    : VinaEcom
SEARCH NOT FOUND (ABORTING MOD): <link rel="stylesheet" type="text/css" href="catalog/view/theme/default/stylesheet/stylesheet.css" />

----------------------------------------------------------------------


---------- Date: 2013-05-26 03:14:58 ~ IP : ::1 ----------
REQUEST URI : /weorder/index.php?route=product/category&amp;path=33
MOD DETAILS:
   modFile   : D:\Sources\weorder\vqmod/xml/news_pro.xml
   id        : News_Pro
   version   : 1.5.4.1
   vqmver    : 2.1.7
   author    : VinaEcom
SEARCH NOT FOUND (ABORTING MOD): <link rel="stylesheet" type="text/css" href="catalog/view/theme/default/stylesheet/stylesheet.css" />

----------------------------------------------------------------------


---------- Date: 2013-05-26 03:15:21 ~ IP : ::1 ----------
REQUEST URI : /weorder/index.php?route=product/category&amp;path=33
MOD DETAILS:
   modFile   : D:\Sources\weorder\vqmod/xml/news_pro.xml
   id        : News_Pro
   version   : 1.5.4.1
   vqmver    : 2.1.7
   author    : VinaEcom
SEARCH NOT FOUND (ABORTING MOD): <link rel="stylesheet" type="text/css" href="catalog/view/theme/default/stylesheet/stylesheet.css" />

----------------------------------------------------------------------


---------- Date: 2013-05-26 03:15:27 ~ IP : ::1 ----------
REQUEST URI : /weorder/index.php?route=product/category&amp;path=33_61
MOD DETAILS:
   modFile   : D:\Sources\weorder\vqmod/xml/news_pro.xml
   id        : News_Pro
   version   : 1.5.4.1
   vqmver    : 2.1.7
   author    : VinaEcom
SEARCH NOT FOUND (ABORTING MOD): <link rel="stylesheet" type="text/css" href="catalog/view/theme/default/stylesheet/stylesheet.css" />

----------------------------------------------------------------------


---------- Date: 2013-05-26 03:15:48 ~ IP : ::1 ----------
REQUEST URI : /weorder/index.php?route=product/category&amp;path=33_61
MOD DETAILS:
   modFile   : D:\Sources\weorder\vqmod/xml/news_pro.xml
   id        : News_Pro
   version   : 1.5.4.1
   vqmver    : 2.1.7
   author    : VinaEcom
SEARCH NOT FOUND (ABORTING MOD): <link rel="stylesheet" type="text/css" href="catalog/view/theme/default/stylesheet/stylesheet.css" />

----------------------------------------------------------------------


---------- Date: 2013-05-26 03:15:51 ~ IP : ::1 ----------
REQUEST URI : /weorder/index.php?route=product/category&amp;path=33
MOD DETAILS:
   modFile   : D:\Sources\weorder\vqmod/xml/news_pro.xml
   id        : News_Pro
   version   : 1.5.4.1
   vqmver    : 2.1.7
   author    : VinaEcom
SEARCH NOT FOUND (ABORTING MOD): <link rel="stylesheet" type="text/css" href="catalog/view/theme/default/stylesheet/stylesheet.css" />

----------------------------------------------------------------------


---------- Date: 2013-05-26 03:16:00 ~ IP : ::1 ----------
REQUEST URI : /weorder/index.php?route=product/category&amp;path=33_61
MOD DETAILS:
   modFile   : D:\Sources\weorder\vqmod/xml/news_pro.xml
   id        : News_Pro
   version   : 1.5.4.1
   vqmver    : 2.1.7
   author    : VinaEcom
SEARCH NOT FOUND (ABORTING MOD): <link rel="stylesheet" type="text/css" href="catalog/view/theme/default/stylesheet/stylesheet.css" />

----------------------------------------------------------------------


---------- Date: 2013-05-26 03:19:59 ~ IP : ::1 ----------
REQUEST URI : /weorder/index.php?route=product/category&amp;path=33_61
MOD DETAILS:
   modFile   : D:\Sources\weorder\vqmod/xml/news_pro.xml
   id        : News_Pro
   version   : 1.5.4.1
   vqmver    : 2.1.7
   author    : VinaEcom
SEARCH NOT FOUND (ABORTING MOD): <link rel="stylesheet" type="text/css" href="catalog/view/theme/default/stylesheet/stylesheet.css" />

----------------------------------------------------------------------


---------- Date: 2013-05-26 03:23:09 ~ IP : ::1 ----------
REQUEST URI : /weorder/index.php?route=product/category&amp;path=33_61
MOD DETAILS:
   modFile   : D:\Sources\weorder\vqmod/xml/news_pro.xml
   id        : News_Pro
   version   : 1.5.4.1
   vqmver    : 2.1.7
   author    : VinaEcom
SEARCH NOT FOUND (ABORTING MOD): <link rel="stylesheet" type="text/css" href="catalog/view/theme/default/stylesheet/stylesheet.css" />

----------------------------------------------------------------------


---------- Date: 2013-05-26 03:23:16 ~ IP : ::1 ----------
REQUEST URI : /weorder/index.php?route=product/product&amp;path=33_61&amp;product_id=42
MOD DETAILS:
   modFile   : D:\Sources\weorder\vqmod/xml/news_pro.xml
   id        : News_Pro
   version   : 1.5.4.1
   vqmver    : 2.1.7
   author    : VinaEcom
SEARCH NOT FOUND (ABORTING MOD): <link rel="stylesheet" type="text/css" href="catalog/view/theme/default/stylesheet/stylesheet.css" />

----------------------------------------------------------------------


---------- Date: 2013-05-26 03:25:13 ~ IP : ::1 ----------
REQUEST URI : /weorder/index.php?route=product/product&amp;path=33_61&amp;product_id=42
MOD DETAILS:
   modFile   : D:\Sources\weorder\vqmod/xml/news_pro.xml
   id        : News_Pro
   version   : 1.5.4.1
   vqmver    : 2.1.7
   author    : VinaEcom
SEARCH NOT FOUND (ABORTING MOD): <link rel="stylesheet" type="text/css" href="catalog/view/theme/default/stylesheet/stylesheet.css" />

----------------------------------------------------------------------


