---------- Date: 2013-05-22 14:09:00 ~ IP : ::1 ----------
REQUEST URI : /weorder/
MOD DETAILS:
   modFile   : D:\Sources\weorder\vqmod/xml/news_pro.xml
   id        : News_Pro
   version   : 1.5.4.1
   vqmver    : 2.1.7
   author    : VinaEcom
SEARCH NOT FOUND (ABORTING MOD): <link rel="stylesheet" type="text/css" href="catalog/view/theme/default/stylesheet/stylesheet.css" />

----------------------------------------------------------------------


---------- Date: 2013-05-22 14:09:13 ~ IP : ::1 ----------
REQUEST URI : /weorder/
MOD DETAILS:
   modFile   : D:\Sources\weorder\vqmod/xml/news_pro.xml
   id        : News_Pro
   version   : 1.5.4.1
   vqmver    : 2.1.7
   author    : VinaEcom
SEARCH NOT FOUND (ABORTING MOD): <link rel="stylesheet" type="text/css" href="catalog/view/theme/default/stylesheet/stylesheet.css" />

----------------------------------------------------------------------


---------- Date: 2013-05-22 14:09:21 ~ IP : ::1 ----------
REQUEST URI : /weorder/index.php?route=news/news_category&amp;cat_id=1
MOD DETAILS:
   modFile   : D:\Sources\weorder\vqmod/xml/news_pro.xml
   id        : News_Pro
   version   : 1.5.4.1
   vqmver    : 2.1.7
   author    : VinaEcom
SEARCH NOT FOUND (ABORTING MOD): <link rel="stylesheet" type="text/css" href="catalog/view/theme/default/stylesheet/stylesheet.css" />

----------------------------------------------------------------------


---------- Date: 2013-05-22 14:10:56 ~ IP : ::1 ----------
REQUEST URI : /weorder/index.php?route=news/news_category&amp;cat_id=1
MOD DETAILS:
   modFile   : D:\Sources\weorder\vqmod/xml/news_pro.xml
   id        : News_Pro
   version   : 1.5.4.1
   vqmver    : 2.1.7
   author    : VinaEcom
SEARCH NOT FOUND (ABORTING MOD): <link rel="stylesheet" type="text/css" href="catalog/view/theme/default/stylesheet/stylesheet.css" />

----------------------------------------------------------------------


---------- Date: 2013-05-22 14:11:27 ~ IP : ::1 ----------
REQUEST URI : /weorder/index.php?route=product/category&amp;path=33
MOD DETAILS:
   modFile   : D:\Sources\weorder\vqmod/xml/news_pro.xml
   id        : News_Pro
   version   : 1.5.4.1
   vqmver    : 2.1.7
   author    : VinaEcom
SEARCH NOT FOUND (ABORTING MOD): <link rel="stylesheet" type="text/css" href="catalog/view/theme/default/stylesheet/stylesheet.css" />

----------------------------------------------------------------------


---------- Date: 2013-05-22 14:11:30 ~ IP : ::1 ----------
REQUEST URI : /weorder/index.php?route=common/home
MOD DETAILS:
   modFile   : D:\Sources\weorder\vqmod/xml/news_pro.xml
   id        : News_Pro
   version   : 1.5.4.1
   vqmver    : 2.1.7
   author    : VinaEcom
SEARCH NOT FOUND (ABORTING MOD): <link rel="stylesheet" type="text/css" href="catalog/view/theme/default/stylesheet/stylesheet.css" />

----------------------------------------------------------------------


---------- Date: 2013-05-22 14:11:34 ~ IP : ::1 ----------
REQUEST URI : /weorder/index.php?route=news/news_category&amp;cat_id=1
MOD DETAILS:
   modFile   : D:\Sources\weorder\vqmod/xml/news_pro.xml
   id        : News_Pro
   version   : 1.5.4.1
   vqmver    : 2.1.7
   author    : VinaEcom
SEARCH NOT FOUND (ABORTING MOD): <link rel="stylesheet" type="text/css" href="catalog/view/theme/default/stylesheet/stylesheet.css" />

----------------------------------------------------------------------


---------- Date: 2013-05-22 14:11:39 ~ IP : ::1 ----------
REQUEST URI : /weorder/index.php?route=product/category&amp;path=33
MOD DETAILS:
   modFile   : D:\Sources\weorder\vqmod/xml/news_pro.xml
   id        : News_Pro
   version   : 1.5.4.1
   vqmver    : 2.1.7
   author    : VinaEcom
SEARCH NOT FOUND (ABORTING MOD): <link rel="stylesheet" type="text/css" href="catalog/view/theme/default/stylesheet/stylesheet.css" />

----------------------------------------------------------------------


---------- Date: 2013-05-22 14:11:40 ~ IP : ::1 ----------
REQUEST URI : /weorder/index.php?route=common/home
MOD DETAILS:
   modFile   : D:\Sources\weorder\vqmod/xml/news_pro.xml
   id        : News_Pro
   version   : 1.5.4.1
   vqmver    : 2.1.7
   author    : VinaEcom
SEARCH NOT FOUND (ABORTING MOD): <link rel="stylesheet" type="text/css" href="catalog/view/theme/default/stylesheet/stylesheet.css" />

----------------------------------------------------------------------


---------- Date: 2013-05-22 14:11:41 ~ IP : ::1 ----------
REQUEST URI : /weorder/index.php?route=common/home
MOD DETAILS:
   modFile   : D:\Sources\weorder\vqmod/xml/news_pro.xml
   id        : News_Pro
   version   : 1.5.4.1
   vqmver    : 2.1.7
   author    : VinaEcom
SEARCH NOT FOUND (ABORTING MOD): <link rel="stylesheet" type="text/css" href="catalog/view/theme/default/stylesheet/stylesheet.css" />

----------------------------------------------------------------------


---------- Date: 2013-05-22 14:11:48 ~ IP : ::1 ----------
REQUEST URI : /weorder/index.php?route=common/home
MOD DETAILS:
   modFile   : D:\Sources\weorder\vqmod/xml/news_pro.xml
   id        : News_Pro
   version   : 1.5.4.1
   vqmver    : 2.1.7
   author    : VinaEcom
SEARCH NOT FOUND (ABORTING MOD): <link rel="stylesheet" type="text/css" href="catalog/view/theme/default/stylesheet/stylesheet.css" />

----------------------------------------------------------------------


---------- Date: 2013-05-22 14:13:22 ~ IP : ::1 ----------
REQUEST URI : /weorder/index.php?route=common/home
MOD DETAILS:
   modFile   : D:\Sources\weorder\vqmod/xml/news_pro.xml
   id        : News_Pro
   version   : 1.5.4.1
   vqmver    : 2.1.7
   author    : VinaEcom
SEARCH NOT FOUND (ABORTING MOD): <link rel="stylesheet" type="text/css" href="catalog/view/theme/default/stylesheet/stylesheet.css" />

----------------------------------------------------------------------


---------- Date: 2013-05-22 14:13:25 ~ IP : ::1 ----------
REQUEST URI : /weorder/index.php?route=common/home
MOD DETAILS:
   modFile   : D:\Sources\weorder\vqmod/xml/news_pro.xml
   id        : News_Pro
   version   : 1.5.4.1
   vqmver    : 2.1.7
   author    : VinaEcom
SEARCH NOT FOUND (ABORTING MOD): <link rel="stylesheet" type="text/css" href="catalog/view/theme/default/stylesheet/stylesheet.css" />

----------------------------------------------------------------------


---------- Date: 2013-05-22 14:13:28 ~ IP : ::1 ----------
REQUEST URI : /weorder/index.php?route=news/news_category&amp;cat_id=1
MOD DETAILS:
   modFile   : D:\Sources\weorder\vqmod/xml/news_pro.xml
   id        : News_Pro
   version   : 1.5.4.1
   vqmver    : 2.1.7
   author    : VinaEcom
SEARCH NOT FOUND (ABORTING MOD): <link rel="stylesheet" type="text/css" href="catalog/view/theme/default/stylesheet/stylesheet.css" />

----------------------------------------------------------------------


---------- Date: 2013-05-22 14:13:31 ~ IP : ::1 ----------
REQUEST URI : /weorder/index.php?route=common/home
MOD DETAILS:
   modFile   : D:\Sources\weorder\vqmod/xml/news_pro.xml
   id        : News_Pro
   version   : 1.5.4.1
   vqmver    : 2.1.7
   author    : VinaEcom
SEARCH NOT FOUND (ABORTING MOD): <link rel="stylesheet" type="text/css" href="catalog/view/theme/default/stylesheet/stylesheet.css" />

----------------------------------------------------------------------


---------- Date: 2013-05-22 15:57:06 ~ IP : ::1 ----------
REQUEST URI : /weorder/index.php?route=common/home
MOD DETAILS:
   modFile   : D:\Sources\weorder\vqmod/xml/news_pro.xml
   id        : News_Pro
   version   : 1.5.4.1
   vqmver    : 2.1.7
   author    : VinaEcom
SEARCH NOT FOUND (ABORTING MOD): <link rel="stylesheet" type="text/css" href="catalog/view/theme/default/stylesheet/stylesheet.css" />

----------------------------------------------------------------------


---------- Date: 2013-05-22 16:20:12 ~ IP : ::1 ----------
REQUEST URI : /weorder/index.php?route=product/category&amp;path=33
MOD DETAILS:
   modFile   : D:\Sources\weorder\vqmod/xml/news_pro.xml
   id        : News_Pro
   version   : 1.5.4.1
   vqmver    : 2.1.7
   author    : VinaEcom
SEARCH NOT FOUND (ABORTING MOD): <link rel="stylesheet" type="text/css" href="catalog/view/theme/default/stylesheet/stylesheet.css" />

----------------------------------------------------------------------


---------- Date: 2013-05-22 16:32:22 ~ IP : ::1 ----------
REQUEST URI : /weorder/index.php?route=news/news_category&amp;cat_id=1
MOD DETAILS:
   modFile   : D:\Sources\weorder\vqmod/xml/news_pro.xml
   id        : News_Pro
   version   : 1.5.4.1
   vqmver    : 2.1.7
   author    : VinaEcom
SEARCH NOT FOUND (ABORTING MOD): <link rel="stylesheet" type="text/css" href="catalog/view/theme/default/stylesheet/stylesheet.css" />

----------------------------------------------------------------------


---------- Date: 2013-05-22 16:33:08 ~ IP : ::1 ----------
REQUEST URI : /weorder/index.php?route=common/home
MOD DETAILS:
   modFile   : D:\Sources\weorder\vqmod/xml/news_pro.xml
   id        : News_Pro
   version   : 1.5.4.1
   vqmver    : 2.1.7
   author    : VinaEcom
SEARCH NOT FOUND (ABORTING MOD): <link rel="stylesheet" type="text/css" href="catalog/view/theme/default/stylesheet/stylesheet.css" />

----------------------------------------------------------------------


